[2024-10-06T04:38:30.757+0000] {processor.py:186} INFO - Started process (PID=3142) to work on /opt/airflow/dags/hello_world.py
[2024-10-06T04:38:30.757+0000] {processor.py:914} INFO - Processing file /opt/airflow/dags/hello_world.py for tasks to queue
[2024-10-06T04:38:30.759+0000] {logging_mixin.py:190} INFO - [2024-10-06T04:38:30.759+0000] {dagbag.py:588} INFO - Filling up the DagBag from /opt/airflow/dags/hello_world.py
[2024-10-06T04:38:30.766+0000] {processor.py:925} INFO - DAG(s) 'hello_world_rajendra' retrieved from /opt/airflow/dags/hello_world.py
[2024-10-06T04:38:30.871+0000] {logging_mixin.py:190} INFO - [2024-10-06T04:38:30.871+0000] {override.py:1900} INFO - Created Permission View: can read on DAG:hello_world_rajendra
[2024-10-06T04:38:30.886+0000] {logging_mixin.py:190} INFO - [2024-10-06T04:38:30.885+0000] {override.py:1900} INFO - Created Permission View: can edit on DAG:hello_world_rajendra
[2024-10-06T04:38:30.894+0000] {logging_mixin.py:190} INFO - [2024-10-06T04:38:30.894+0000] {override.py:1900} INFO - Created Permission View: can delete on DAG:hello_world_rajendra
[2024-10-06T04:38:30.917+0000] {logging_mixin.py:190} INFO - [2024-10-06T04:38:30.917+0000] {override.py:1900} INFO - Created Permission View: menu access on DAG Run:hello_world_rajendra
[2024-10-06T04:38:30.930+0000] {logging_mixin.py:190} INFO - [2024-10-06T04:38:30.930+0000] {override.py:1900} INFO - Created Permission View: can read on DAG Run:hello_world_rajendra
[2024-10-06T04:38:30.941+0000] {logging_mixin.py:190} INFO - [2024-10-06T04:38:30.941+0000] {override.py:1900} INFO - Created Permission View: can create on DAG Run:hello_world_rajendra
[2024-10-06T04:38:30.952+0000] {logging_mixin.py:190} INFO - [2024-10-06T04:38:30.952+0000] {override.py:1900} INFO - Created Permission View: can delete on DAG Run:hello_world_rajendra
[2024-10-06T04:38:30.953+0000] {logging_mixin.py:190} INFO - [2024-10-06T04:38:30.953+0000] {dag.py:3239} INFO - Sync 1 DAGs
[2024-10-06T04:38:30.966+0000] {logging_mixin.py:190} INFO - [2024-10-06T04:38:30.966+0000] {dag.py:3262} INFO - Creating ORM DAG for hello_world_rajendra
[2024-10-06T04:38:30.977+0000] {logging_mixin.py:190} INFO - [2024-10-06T04:38:30.977+0000] {dag.py:4180} INFO - Setting next_dagrun for hello_world_rajendra to 2024-10-06 00:00:00+00:00, run_after=2024-10-07 00:00:00+00:00
[2024-10-06T04:38:30.999+0000] {processor.py:208} INFO - Processing /opt/airflow/dags/hello_world.py took 0.247 seconds
[2024-10-06T04:39:01.948+0000] {processor.py:186} INFO - Started process (PID=3205) to work on /opt/airflow/dags/hello_world.py
[2024-10-06T04:39:01.949+0000] {processor.py:914} INFO - Processing file /opt/airflow/dags/hello_world.py for tasks to queue
[2024-10-06T04:39:01.951+0000] {logging_mixin.py:190} INFO - [2024-10-06T04:39:01.950+0000] {dagbag.py:588} INFO - Filling up the DagBag from /opt/airflow/dags/hello_world.py
[2024-10-06T04:39:01.957+0000] {processor.py:925} INFO - DAG(s) 'hello_world_rajendra' retrieved from /opt/airflow/dags/hello_world.py
[2024-10-06T04:39:01.974+0000] {logging_mixin.py:190} INFO - [2024-10-06T04:39:01.974+0000] {dag.py:3239} INFO - Sync 1 DAGs
[2024-10-06T04:39:01.999+0000] {logging_mixin.py:190} INFO - [2024-10-06T04:39:01.999+0000] {dag.py:4180} INFO - Setting next_dagrun for hello_world_rajendra to 2024-10-06 00:00:00+00:00, run_after=2024-10-07 00:00:00+00:00
[2024-10-06T04:39:02.021+0000] {processor.py:208} INFO - Processing /opt/airflow/dags/hello_world.py took 0.077 seconds
[2024-10-06T04:39:32.344+0000] {processor.py:186} INFO - Started process (PID=3269) to work on /opt/airflow/dags/hello_world.py
[2024-10-06T04:39:32.344+0000] {processor.py:914} INFO - Processing file /opt/airflow/dags/hello_world.py for tasks to queue
[2024-10-06T04:39:32.346+0000] {logging_mixin.py:190} INFO - [2024-10-06T04:39:32.346+0000] {dagbag.py:588} INFO - Filling up the DagBag from /opt/airflow/dags/hello_world.py
[2024-10-06T04:39:32.353+0000] {processor.py:925} INFO - DAG(s) 'hello_world_rajendra' retrieved from /opt/airflow/dags/hello_world.py
[2024-10-06T04:39:32.370+0000] {logging_mixin.py:190} INFO - [2024-10-06T04:39:32.370+0000] {dag.py:3239} INFO - Sync 1 DAGs
[2024-10-06T04:39:32.390+0000] {logging_mixin.py:190} INFO - [2024-10-06T04:39:32.390+0000] {dag.py:4180} INFO - Setting next_dagrun for hello_world_rajendra to 2024-10-06 00:00:00+00:00, run_after=2024-10-07 00:00:00+00:00
[2024-10-06T04:39:32.411+0000] {processor.py:208} INFO - Processing /opt/airflow/dags/hello_world.py took 0.073 seconds
[2024-10-06T04:40:02.700+0000] {processor.py:186} INFO - Started process (PID=3332) to work on /opt/airflow/dags/hello_world.py
[2024-10-06T04:40:02.700+0000] {processor.py:914} INFO - Processing file /opt/airflow/dags/hello_world.py for tasks to queue
[2024-10-06T04:40:02.702+0000] {logging_mixin.py:190} INFO - [2024-10-06T04:40:02.702+0000] {dagbag.py:588} INFO - Filling up the DagBag from /opt/airflow/dags/hello_world.py
[2024-10-06T04:40:02.708+0000] {processor.py:925} INFO - DAG(s) 'hello_world_rajendra' retrieved from /opt/airflow/dags/hello_world.py
[2024-10-06T04:40:02.722+0000] {logging_mixin.py:190} INFO - [2024-10-06T04:40:02.722+0000] {dag.py:3239} INFO - Sync 1 DAGs
[2024-10-06T04:40:02.740+0000] {logging_mixin.py:190} INFO - [2024-10-06T04:40:02.740+0000] {dag.py:4180} INFO - Setting next_dagrun for hello_world_rajendra to 2024-10-06 00:00:00+00:00, run_after=2024-10-07 00:00:00+00:00
[2024-10-06T04:40:02.770+0000] {processor.py:208} INFO - Processing /opt/airflow/dags/hello_world.py took 0.075 seconds
[2024-10-06T04:40:33.053+0000] {processor.py:186} INFO - Started process (PID=3395) to work on /opt/airflow/dags/hello_world.py
[2024-10-06T04:40:33.054+0000] {processor.py:914} INFO - Processing file /opt/airflow/dags/hello_world.py for tasks to queue
[2024-10-06T04:40:33.055+0000] {logging_mixin.py:190} INFO - [2024-10-06T04:40:33.055+0000] {dagbag.py:588} INFO - Filling up the DagBag from /opt/airflow/dags/hello_world.py
[2024-10-06T04:40:33.062+0000] {processor.py:925} INFO - DAG(s) 'hello_world_rajendra' retrieved from /opt/airflow/dags/hello_world.py
[2024-10-06T04:40:33.076+0000] {logging_mixin.py:190} INFO - [2024-10-06T04:40:33.076+0000] {dag.py:3239} INFO - Sync 1 DAGs
[2024-10-06T04:40:33.095+0000] {logging_mixin.py:190} INFO - [2024-10-06T04:40:33.094+0000] {dag.py:4180} INFO - Setting next_dagrun for hello_world_rajendra to 2024-10-06 00:00:00+00:00, run_after=2024-10-07 00:00:00+00:00
[2024-10-06T04:40:33.112+0000] {processor.py:208} INFO - Processing /opt/airflow/dags/hello_world.py took 0.063 seconds
[2024-10-06T04:41:04.098+0000] {processor.py:186} INFO - Started process (PID=3459) to work on /opt/airflow/dags/hello_world.py
[2024-10-06T04:41:04.099+0000] {processor.py:914} INFO - Processing file /opt/airflow/dags/hello_world.py for tasks to queue
[2024-10-06T04:41:04.100+0000] {logging_mixin.py:190} INFO - [2024-10-06T04:41:04.100+0000] {dagbag.py:588} INFO - Filling up the DagBag from /opt/airflow/dags/hello_world.py
[2024-10-06T04:41:04.107+0000] {processor.py:925} INFO - DAG(s) 'hello_world_rajendra' retrieved from /opt/airflow/dags/hello_world.py
[2024-10-06T04:41:04.122+0000] {logging_mixin.py:190} INFO - [2024-10-06T04:41:04.122+0000] {dag.py:3239} INFO - Sync 1 DAGs
[2024-10-06T04:41:04.146+0000] {logging_mixin.py:190} INFO - [2024-10-06T04:41:04.146+0000] {dag.py:4180} INFO - Setting next_dagrun for hello_world_rajendra to 2024-10-06 00:00:00+00:00, run_after=2024-10-07 00:00:00+00:00
[2024-10-06T04:41:04.167+0000] {processor.py:208} INFO - Processing /opt/airflow/dags/hello_world.py took 0.074 seconds
[2024-10-06T04:41:34.678+0000] {processor.py:186} INFO - Started process (PID=3528) to work on /opt/airflow/dags/hello_world.py
[2024-10-06T04:41:34.678+0000] {processor.py:914} INFO - Processing file /opt/airflow/dags/hello_world.py for tasks to queue
[2024-10-06T04:41:34.680+0000] {logging_mixin.py:190} INFO - [2024-10-06T04:41:34.680+0000] {dagbag.py:588} INFO - Filling up the DagBag from /opt/airflow/dags/hello_world.py
[2024-10-06T04:41:34.688+0000] {processor.py:925} INFO - DAG(s) 'hello_world_rajendra' retrieved from /opt/airflow/dags/hello_world.py
[2024-10-06T04:41:34.702+0000] {logging_mixin.py:190} INFO - [2024-10-06T04:41:34.702+0000] {dag.py:3239} INFO - Sync 1 DAGs
[2024-10-06T04:41:34.720+0000] {logging_mixin.py:190} INFO - [2024-10-06T04:41:34.720+0000] {dag.py:4180} INFO - Setting next_dagrun for hello_world_rajendra to 2024-10-06 00:00:00+00:00, run_after=2024-10-07 00:00:00+00:00
[2024-10-06T04:41:34.739+0000] {processor.py:208} INFO - Processing /opt/airflow/dags/hello_world.py took 0.066 seconds
[2024-10-06T04:42:05.046+0000] {processor.py:186} INFO - Started process (PID=3591) to work on /opt/airflow/dags/hello_world.py
[2024-10-06T04:42:05.047+0000] {processor.py:914} INFO - Processing file /opt/airflow/dags/hello_world.py for tasks to queue
[2024-10-06T04:42:05.048+0000] {logging_mixin.py:190} INFO - [2024-10-06T04:42:05.048+0000] {dagbag.py:588} INFO - Filling up the DagBag from /opt/airflow/dags/hello_world.py
[2024-10-06T04:42:05.055+0000] {processor.py:925} INFO - DAG(s) 'hello_world_rajendra' retrieved from /opt/airflow/dags/hello_world.py
[2024-10-06T04:42:05.069+0000] {logging_mixin.py:190} INFO - [2024-10-06T04:42:05.069+0000] {dag.py:3239} INFO - Sync 1 DAGs
[2024-10-06T04:42:05.087+0000] {logging_mixin.py:190} INFO - [2024-10-06T04:42:05.087+0000] {dag.py:4180} INFO - Setting next_dagrun for hello_world_rajendra to 2024-10-06 00:00:00+00:00, run_after=2024-10-07 00:00:00+00:00
[2024-10-06T04:42:05.108+0000] {processor.py:208} INFO - Processing /opt/airflow/dags/hello_world.py took 0.067 seconds
[2024-10-06T04:42:35.289+0000] {processor.py:186} INFO - Started process (PID=3654) to work on /opt/airflow/dags/hello_world.py
[2024-10-06T04:42:35.289+0000] {processor.py:914} INFO - Processing file /opt/airflow/dags/hello_world.py for tasks to queue
[2024-10-06T04:42:35.291+0000] {logging_mixin.py:190} INFO - [2024-10-06T04:42:35.291+0000] {dagbag.py:588} INFO - Filling up the DagBag from /opt/airflow/dags/hello_world.py
[2024-10-06T04:42:35.297+0000] {processor.py:925} INFO - DAG(s) 'hello_world_rajendra' retrieved from /opt/airflow/dags/hello_world.py
[2024-10-06T04:42:35.311+0000] {logging_mixin.py:190} INFO - [2024-10-06T04:42:35.311+0000] {dag.py:3239} INFO - Sync 1 DAGs
[2024-10-06T04:42:35.331+0000] {logging_mixin.py:190} INFO - [2024-10-06T04:42:35.331+0000] {dag.py:4180} INFO - Setting next_dagrun for hello_world_rajendra to 2024-10-06 00:00:00+00:00, run_after=2024-10-07 00:00:00+00:00
[2024-10-06T04:42:35.348+0000] {processor.py:208} INFO - Processing /opt/airflow/dags/hello_world.py took 0.063 seconds
[2024-10-06T04:43:05.660+0000] {processor.py:186} INFO - Started process (PID=3717) to work on /opt/airflow/dags/hello_world.py
[2024-10-06T04:43:05.661+0000] {processor.py:914} INFO - Processing file /opt/airflow/dags/hello_world.py for tasks to queue
[2024-10-06T04:43:05.662+0000] {logging_mixin.py:190} INFO - [2024-10-06T04:43:05.662+0000] {dagbag.py:588} INFO - Filling up the DagBag from /opt/airflow/dags/hello_world.py
[2024-10-06T04:43:05.669+0000] {processor.py:925} INFO - DAG(s) 'hello_world_rajendra' retrieved from /opt/airflow/dags/hello_world.py
[2024-10-06T04:43:05.683+0000] {logging_mixin.py:190} INFO - [2024-10-06T04:43:05.683+0000] {dag.py:3239} INFO - Sync 1 DAGs
[2024-10-06T04:43:05.700+0000] {logging_mixin.py:190} INFO - [2024-10-06T04:43:05.700+0000] {dag.py:4180} INFO - Setting next_dagrun for hello_world_rajendra to 2024-10-06 00:00:00+00:00, run_after=2024-10-07 00:00:00+00:00
[2024-10-06T04:43:05.720+0000] {processor.py:208} INFO - Processing /opt/airflow/dags/hello_world.py took 0.064 seconds
[2024-10-06T04:43:36.006+0000] {processor.py:186} INFO - Started process (PID=3780) to work on /opt/airflow/dags/hello_world.py
[2024-10-06T04:43:36.007+0000] {processor.py:914} INFO - Processing file /opt/airflow/dags/hello_world.py for tasks to queue
[2024-10-06T04:43:36.008+0000] {logging_mixin.py:190} INFO - [2024-10-06T04:43:36.008+0000] {dagbag.py:588} INFO - Filling up the DagBag from /opt/airflow/dags/hello_world.py
[2024-10-06T04:43:36.015+0000] {processor.py:925} INFO - DAG(s) 'hello_world_rajendra' retrieved from /opt/airflow/dags/hello_world.py
[2024-10-06T04:43:36.028+0000] {logging_mixin.py:190} INFO - [2024-10-06T04:43:36.028+0000] {dag.py:3239} INFO - Sync 1 DAGs
[2024-10-06T04:43:36.046+0000] {logging_mixin.py:190} INFO - [2024-10-06T04:43:36.046+0000] {dag.py:4180} INFO - Setting next_dagrun for hello_world_rajendra to 2024-10-06 00:00:00+00:00, run_after=2024-10-07 00:00:00+00:00
[2024-10-06T04:43:36.063+0000] {processor.py:208} INFO - Processing /opt/airflow/dags/hello_world.py took 0.062 seconds
[2024-10-06T04:44:06.115+0000] {processor.py:186} INFO - Started process (PID=3844) to work on /opt/airflow/dags/hello_world.py
[2024-10-06T04:44:06.116+0000] {processor.py:914} INFO - Processing file /opt/airflow/dags/hello_world.py for tasks to queue
[2024-10-06T04:44:06.117+0000] {logging_mixin.py:190} INFO - [2024-10-06T04:44:06.117+0000] {dagbag.py:588} INFO - Filling up the DagBag from /opt/airflow/dags/hello_world.py
[2024-10-06T04:44:06.124+0000] {processor.py:925} INFO - DAG(s) 'hello_world_rajendra' retrieved from /opt/airflow/dags/hello_world.py
[2024-10-06T04:44:06.137+0000] {logging_mixin.py:190} INFO - [2024-10-06T04:44:06.137+0000] {dag.py:3239} INFO - Sync 1 DAGs
[2024-10-06T04:44:06.155+0000] {logging_mixin.py:190} INFO - [2024-10-06T04:44:06.154+0000] {dag.py:4180} INFO - Setting next_dagrun for hello_world_rajendra to 2024-10-06 00:00:00+00:00, run_after=2024-10-07 00:00:00+00:00
[2024-10-06T04:44:06.176+0000] {processor.py:208} INFO - Processing /opt/airflow/dags/hello_world.py took 0.066 seconds
[2024-10-06T04:44:36.539+0000] {processor.py:186} INFO - Started process (PID=3908) to work on /opt/airflow/dags/hello_world.py
[2024-10-06T04:44:36.540+0000] {processor.py:914} INFO - Processing file /opt/airflow/dags/hello_world.py for tasks to queue
[2024-10-06T04:44:36.542+0000] {logging_mixin.py:190} INFO - [2024-10-06T04:44:36.542+0000] {dagbag.py:588} INFO - Filling up the DagBag from /opt/airflow/dags/hello_world.py
[2024-10-06T04:44:36.550+0000] {processor.py:925} INFO - DAG(s) 'hello_world_rajendra' retrieved from /opt/airflow/dags/hello_world.py
[2024-10-06T04:44:36.567+0000] {logging_mixin.py:190} INFO - [2024-10-06T04:44:36.567+0000] {dag.py:3239} INFO - Sync 1 DAGs
[2024-10-06T04:44:36.586+0000] {logging_mixin.py:190} INFO - [2024-10-06T04:44:36.586+0000] {dag.py:4180} INFO - Setting next_dagrun for hello_world_rajendra to 2024-10-06 00:00:00+00:00, run_after=2024-10-07 00:00:00+00:00
[2024-10-06T04:44:36.609+0000] {processor.py:208} INFO - Processing /opt/airflow/dags/hello_world.py took 0.076 seconds
[2024-10-06T04:45:06.987+0000] {processor.py:186} INFO - Started process (PID=3971) to work on /opt/airflow/dags/hello_world.py
[2024-10-06T04:45:06.988+0000] {processor.py:914} INFO - Processing file /opt/airflow/dags/hello_world.py for tasks to queue
[2024-10-06T04:45:06.990+0000] {logging_mixin.py:190} INFO - [2024-10-06T04:45:06.989+0000] {dagbag.py:588} INFO - Filling up the DagBag from /opt/airflow/dags/hello_world.py
[2024-10-06T04:45:06.996+0000] {processor.py:925} INFO - DAG(s) 'hello_world_rajendra' retrieved from /opt/airflow/dags/hello_world.py
[2024-10-06T04:45:07.010+0000] {logging_mixin.py:190} INFO - [2024-10-06T04:45:07.010+0000] {dag.py:3239} INFO - Sync 1 DAGs
[2024-10-06T04:45:07.028+0000] {logging_mixin.py:190} INFO - [2024-10-06T04:45:07.028+0000] {dag.py:4180} INFO - Setting next_dagrun for hello_world_rajendra to 2024-10-06 00:00:00+00:00, run_after=2024-10-07 00:00:00+00:00
[2024-10-06T04:45:07.045+0000] {processor.py:208} INFO - Processing /opt/airflow/dags/hello_world.py took 0.062 seconds
[2024-10-06T04:45:37.600+0000] {processor.py:186} INFO - Started process (PID=4034) to work on /opt/airflow/dags/hello_world.py
[2024-10-06T04:45:37.600+0000] {processor.py:914} INFO - Processing file /opt/airflow/dags/hello_world.py for tasks to queue
[2024-10-06T04:45:37.602+0000] {logging_mixin.py:190} INFO - [2024-10-06T04:45:37.602+0000] {dagbag.py:588} INFO - Filling up the DagBag from /opt/airflow/dags/hello_world.py
[2024-10-06T04:45:37.609+0000] {processor.py:925} INFO - DAG(s) 'hello_world_rajendra' retrieved from /opt/airflow/dags/hello_world.py
[2024-10-06T04:45:37.623+0000] {logging_mixin.py:190} INFO - [2024-10-06T04:45:37.623+0000] {dag.py:3239} INFO - Sync 1 DAGs
[2024-10-06T04:45:37.640+0000] {logging_mixin.py:190} INFO - [2024-10-06T04:45:37.640+0000] {dag.py:4180} INFO - Setting next_dagrun for hello_world_rajendra to 2024-10-06 00:00:00+00:00, run_after=2024-10-07 00:00:00+00:00
[2024-10-06T04:45:37.661+0000] {processor.py:208} INFO - Processing /opt/airflow/dags/hello_world.py took 0.065 seconds
[2024-10-06T04:46:07.910+0000] {processor.py:186} INFO - Started process (PID=4097) to work on /opt/airflow/dags/hello_world.py
[2024-10-06T04:46:07.910+0000] {processor.py:914} INFO - Processing file /opt/airflow/dags/hello_world.py for tasks to queue
[2024-10-06T04:46:07.912+0000] {logging_mixin.py:190} INFO - [2024-10-06T04:46:07.912+0000] {dagbag.py:588} INFO - Filling up the DagBag from /opt/airflow/dags/hello_world.py
[2024-10-06T04:46:07.918+0000] {processor.py:925} INFO - DAG(s) 'hello_world_rajendra' retrieved from /opt/airflow/dags/hello_world.py
[2024-10-06T04:46:07.935+0000] {logging_mixin.py:190} INFO - [2024-10-06T04:46:07.935+0000] {dag.py:3239} INFO - Sync 1 DAGs
[2024-10-06T04:46:07.959+0000] {logging_mixin.py:190} INFO - [2024-10-06T04:46:07.959+0000] {dag.py:4180} INFO - Setting next_dagrun for hello_world_rajendra to 2024-10-06 00:00:00+00:00, run_after=2024-10-07 00:00:00+00:00
[2024-10-06T04:46:07.980+0000] {processor.py:208} INFO - Processing /opt/airflow/dags/hello_world.py took 0.075 seconds
[2024-10-06T04:46:38.283+0000] {processor.py:186} INFO - Started process (PID=4160) to work on /opt/airflow/dags/hello_world.py
[2024-10-06T04:46:38.284+0000] {processor.py:914} INFO - Processing file /opt/airflow/dags/hello_world.py for tasks to queue
[2024-10-06T04:46:38.285+0000] {logging_mixin.py:190} INFO - [2024-10-06T04:46:38.285+0000] {dagbag.py:588} INFO - Filling up the DagBag from /opt/airflow/dags/hello_world.py
[2024-10-06T04:46:38.292+0000] {processor.py:925} INFO - DAG(s) 'hello_world_rajendra' retrieved from /opt/airflow/dags/hello_world.py
[2024-10-06T04:46:38.310+0000] {logging_mixin.py:190} INFO - [2024-10-06T04:46:38.309+0000] {dag.py:3239} INFO - Sync 1 DAGs
[2024-10-06T04:46:38.335+0000] {logging_mixin.py:190} INFO - [2024-10-06T04:46:38.335+0000] {dag.py:4180} INFO - Setting next_dagrun for hello_world_rajendra to 2024-10-06 00:00:00+00:00, run_after=2024-10-07 00:00:00+00:00
[2024-10-06T04:46:38.362+0000] {processor.py:208} INFO - Processing /opt/airflow/dags/hello_world.py took 0.083 seconds
[2024-10-06T04:47:08.535+0000] {processor.py:186} INFO - Started process (PID=4223) to work on /opt/airflow/dags/hello_world.py
[2024-10-06T04:47:08.536+0000] {processor.py:914} INFO - Processing file /opt/airflow/dags/hello_world.py for tasks to queue
[2024-10-06T04:47:08.538+0000] {logging_mixin.py:190} INFO - [2024-10-06T04:47:08.538+0000] {dagbag.py:588} INFO - Filling up the DagBag from /opt/airflow/dags/hello_world.py
[2024-10-06T04:47:08.549+0000] {processor.py:925} INFO - DAG(s) 'hello_world_rajendra' retrieved from /opt/airflow/dags/hello_world.py
[2024-10-06T04:47:08.569+0000] {logging_mixin.py:190} INFO - [2024-10-06T04:47:08.569+0000] {dag.py:3239} INFO - Sync 1 DAGs
[2024-10-06T04:47:08.590+0000] {logging_mixin.py:190} INFO - [2024-10-06T04:47:08.590+0000] {dag.py:4180} INFO - Setting next_dagrun for hello_world_rajendra to 2024-10-06 00:00:00+00:00, run_after=2024-10-07 00:00:00+00:00
[2024-10-06T04:47:08.612+0000] {processor.py:208} INFO - Processing /opt/airflow/dags/hello_world.py took 0.082 seconds
[2024-10-06T04:47:38.810+0000] {processor.py:186} INFO - Started process (PID=4286) to work on /opt/airflow/dags/hello_world.py
[2024-10-06T04:47:38.811+0000] {processor.py:914} INFO - Processing file /opt/airflow/dags/hello_world.py for tasks to queue
[2024-10-06T04:47:38.812+0000] {logging_mixin.py:190} INFO - [2024-10-06T04:47:38.812+0000] {dagbag.py:588} INFO - Filling up the DagBag from /opt/airflow/dags/hello_world.py
[2024-10-06T04:47:38.819+0000] {processor.py:925} INFO - DAG(s) 'hello_world_rajendra' retrieved from /opt/airflow/dags/hello_world.py
[2024-10-06T04:47:38.835+0000] {logging_mixin.py:190} INFO - [2024-10-06T04:47:38.834+0000] {dag.py:3239} INFO - Sync 1 DAGs
[2024-10-06T04:47:38.852+0000] {logging_mixin.py:190} INFO - [2024-10-06T04:47:38.852+0000] {dag.py:4180} INFO - Setting next_dagrun for hello_world_rajendra to 2024-10-06 00:00:00+00:00, run_after=2024-10-07 00:00:00+00:00
[2024-10-06T04:47:38.872+0000] {processor.py:208} INFO - Processing /opt/airflow/dags/hello_world.py took 0.066 seconds
[2024-10-06T04:48:09.285+0000] {processor.py:186} INFO - Started process (PID=4349) to work on /opt/airflow/dags/hello_world.py
[2024-10-06T04:48:09.286+0000] {processor.py:914} INFO - Processing file /opt/airflow/dags/hello_world.py for tasks to queue
[2024-10-06T04:48:09.288+0000] {logging_mixin.py:190} INFO - [2024-10-06T04:48:09.287+0000] {dagbag.py:588} INFO - Filling up the DagBag from /opt/airflow/dags/hello_world.py
[2024-10-06T04:48:09.294+0000] {processor.py:925} INFO - DAG(s) 'hello_world_rajendra' retrieved from /opt/airflow/dags/hello_world.py
[2024-10-06T04:48:09.308+0000] {logging_mixin.py:190} INFO - [2024-10-06T04:48:09.308+0000] {dag.py:3239} INFO - Sync 1 DAGs
[2024-10-06T04:48:09.327+0000] {logging_mixin.py:190} INFO - [2024-10-06T04:48:09.327+0000] {dag.py:4180} INFO - Setting next_dagrun for hello_world_rajendra to 2024-10-06 00:00:00+00:00, run_after=2024-10-07 00:00:00+00:00
[2024-10-06T04:48:09.343+0000] {processor.py:208} INFO - Processing /opt/airflow/dags/hello_world.py took 0.062 seconds
[2024-10-06T04:48:39.555+0000] {processor.py:186} INFO - Started process (PID=4412) to work on /opt/airflow/dags/hello_world.py
[2024-10-06T04:48:39.556+0000] {processor.py:914} INFO - Processing file /opt/airflow/dags/hello_world.py for tasks to queue
[2024-10-06T04:48:39.557+0000] {logging_mixin.py:190} INFO - [2024-10-06T04:48:39.557+0000] {dagbag.py:588} INFO - Filling up the DagBag from /opt/airflow/dags/hello_world.py
[2024-10-06T04:48:39.564+0000] {processor.py:925} INFO - DAG(s) 'hello_world_rajendra' retrieved from /opt/airflow/dags/hello_world.py
[2024-10-06T04:48:39.578+0000] {logging_mixin.py:190} INFO - [2024-10-06T04:48:39.578+0000] {dag.py:3239} INFO - Sync 1 DAGs
[2024-10-06T04:48:39.595+0000] {logging_mixin.py:190} INFO - [2024-10-06T04:48:39.595+0000] {dag.py:4180} INFO - Setting next_dagrun for hello_world_rajendra to 2024-10-06 00:00:00+00:00, run_after=2024-10-07 00:00:00+00:00
[2024-10-06T04:48:39.619+0000] {processor.py:208} INFO - Processing /opt/airflow/dags/hello_world.py took 0.068 seconds
[2024-10-06T04:49:09.912+0000] {processor.py:186} INFO - Started process (PID=4475) to work on /opt/airflow/dags/hello_world.py
[2024-10-06T04:49:09.912+0000] {processor.py:914} INFO - Processing file /opt/airflow/dags/hello_world.py for tasks to queue
[2024-10-06T04:49:09.914+0000] {logging_mixin.py:190} INFO - [2024-10-06T04:49:09.914+0000] {dagbag.py:588} INFO - Filling up the DagBag from /opt/airflow/dags/hello_world.py
[2024-10-06T04:49:09.921+0000] {processor.py:925} INFO - DAG(s) 'hello_world_rajendra' retrieved from /opt/airflow/dags/hello_world.py
[2024-10-06T04:49:09.934+0000] {logging_mixin.py:190} INFO - [2024-10-06T04:49:09.934+0000] {dag.py:3239} INFO - Sync 1 DAGs
[2024-10-06T04:49:09.952+0000] {logging_mixin.py:190} INFO - [2024-10-06T04:49:09.952+0000] {dag.py:4180} INFO - Setting next_dagrun for hello_world_rajendra to 2024-10-06 00:00:00+00:00, run_after=2024-10-07 00:00:00+00:00
[2024-10-06T04:49:09.980+0000] {processor.py:208} INFO - Processing /opt/airflow/dags/hello_world.py took 0.072 seconds
[2024-10-06T04:49:40.082+0000] {processor.py:186} INFO - Started process (PID=4538) to work on /opt/airflow/dags/hello_world.py
[2024-10-06T04:49:40.083+0000] {processor.py:914} INFO - Processing file /opt/airflow/dags/hello_world.py for tasks to queue
[2024-10-06T04:49:40.084+0000] {logging_mixin.py:190} INFO - [2024-10-06T04:49:40.084+0000] {dagbag.py:588} INFO - Filling up the DagBag from /opt/airflow/dags/hello_world.py
[2024-10-06T04:49:40.091+0000] {processor.py:925} INFO - DAG(s) 'hello_world_rajendra' retrieved from /opt/airflow/dags/hello_world.py
[2024-10-06T04:49:40.104+0000] {logging_mixin.py:190} INFO - [2024-10-06T04:49:40.104+0000] {dag.py:3239} INFO - Sync 1 DAGs
[2024-10-06T04:49:40.123+0000] {logging_mixin.py:190} INFO - [2024-10-06T04:49:40.123+0000] {dag.py:4180} INFO - Setting next_dagrun for hello_world_rajendra to 2024-10-06 00:00:00+00:00, run_after=2024-10-07 00:00:00+00:00
[2024-10-06T04:49:40.141+0000] {processor.py:208} INFO - Processing /opt/airflow/dags/hello_world.py took 0.063 seconds
[2024-10-06T04:50:10.390+0000] {processor.py:186} INFO - Started process (PID=4601) to work on /opt/airflow/dags/hello_world.py
[2024-10-06T04:50:10.391+0000] {processor.py:914} INFO - Processing file /opt/airflow/dags/hello_world.py for tasks to queue
[2024-10-06T04:50:10.392+0000] {logging_mixin.py:190} INFO - [2024-10-06T04:50:10.392+0000] {dagbag.py:588} INFO - Filling up the DagBag from /opt/airflow/dags/hello_world.py
[2024-10-06T04:50:10.400+0000] {processor.py:925} INFO - DAG(s) 'hello_world_rajendra' retrieved from /opt/airflow/dags/hello_world.py
[2024-10-06T04:50:10.414+0000] {logging_mixin.py:190} INFO - [2024-10-06T04:50:10.413+0000] {dag.py:3239} INFO - Sync 1 DAGs
[2024-10-06T04:50:10.432+0000] {logging_mixin.py:190} INFO - [2024-10-06T04:50:10.432+0000] {dag.py:4180} INFO - Setting next_dagrun for hello_world_rajendra to 2024-10-06 00:00:00+00:00, run_after=2024-10-07 00:00:00+00:00
[2024-10-06T04:50:10.448+0000] {processor.py:208} INFO - Processing /opt/airflow/dags/hello_world.py took 0.064 seconds
[2024-10-06T04:50:40.753+0000] {processor.py:186} INFO - Started process (PID=4664) to work on /opt/airflow/dags/hello_world.py
[2024-10-06T04:50:40.754+0000] {processor.py:914} INFO - Processing file /opt/airflow/dags/hello_world.py for tasks to queue
[2024-10-06T04:50:40.756+0000] {logging_mixin.py:190} INFO - [2024-10-06T04:50:40.755+0000] {dagbag.py:588} INFO - Filling up the DagBag from /opt/airflow/dags/hello_world.py
[2024-10-06T04:50:40.763+0000] {processor.py:925} INFO - DAG(s) 'hello_world_rajendra' retrieved from /opt/airflow/dags/hello_world.py
[2024-10-06T04:50:40.777+0000] {logging_mixin.py:190} INFO - [2024-10-06T04:50:40.777+0000] {dag.py:3239} INFO - Sync 1 DAGs
[2024-10-06T04:50:40.796+0000] {logging_mixin.py:190} INFO - [2024-10-06T04:50:40.796+0000] {dag.py:4180} INFO - Setting next_dagrun for hello_world_rajendra to 2024-10-06 00:00:00+00:00, run_after=2024-10-07 00:00:00+00:00
[2024-10-06T04:50:40.814+0000] {processor.py:208} INFO - Processing /opt/airflow/dags/hello_world.py took 0.066 seconds
[2024-10-06T04:51:11.250+0000] {processor.py:186} INFO - Started process (PID=4727) to work on /opt/airflow/dags/hello_world.py
[2024-10-06T04:51:11.251+0000] {processor.py:914} INFO - Processing file /opt/airflow/dags/hello_world.py for tasks to queue
[2024-10-06T04:51:11.253+0000] {logging_mixin.py:190} INFO - [2024-10-06T04:51:11.252+0000] {dagbag.py:588} INFO - Filling up the DagBag from /opt/airflow/dags/hello_world.py
[2024-10-06T04:51:11.259+0000] {processor.py:925} INFO - DAG(s) 'hello_world_rajendra' retrieved from /opt/airflow/dags/hello_world.py
[2024-10-06T04:51:11.275+0000] {logging_mixin.py:190} INFO - [2024-10-06T04:51:11.274+0000] {dag.py:3239} INFO - Sync 1 DAGs
[2024-10-06T04:51:11.295+0000] {logging_mixin.py:190} INFO - [2024-10-06T04:51:11.295+0000] {dag.py:4180} INFO - Setting next_dagrun for hello_world_rajendra to 2024-10-06 00:00:00+00:00, run_after=2024-10-07 00:00:00+00:00
[2024-10-06T04:51:11.312+0000] {processor.py:208} INFO - Processing /opt/airflow/dags/hello_world.py took 0.066 seconds
[2024-10-06T04:51:41.701+0000] {processor.py:186} INFO - Started process (PID=4791) to work on /opt/airflow/dags/hello_world.py
[2024-10-06T04:51:41.701+0000] {processor.py:914} INFO - Processing file /opt/airflow/dags/hello_world.py for tasks to queue
[2024-10-06T04:51:41.703+0000] {logging_mixin.py:190} INFO - [2024-10-06T04:51:41.703+0000] {dagbag.py:588} INFO - Filling up the DagBag from /opt/airflow/dags/hello_world.py
[2024-10-06T04:51:41.710+0000] {processor.py:925} INFO - DAG(s) 'hello_world_rajendra' retrieved from /opt/airflow/dags/hello_world.py
[2024-10-06T04:51:41.724+0000] {logging_mixin.py:190} INFO - [2024-10-06T04:51:41.724+0000] {dag.py:3239} INFO - Sync 1 DAGs
[2024-10-06T04:51:41.742+0000] {logging_mixin.py:190} INFO - [2024-10-06T04:51:41.742+0000] {dag.py:4180} INFO - Setting next_dagrun for hello_world_rajendra to 2024-10-06 00:00:00+00:00, run_after=2024-10-07 00:00:00+00:00
[2024-10-06T04:51:41.764+0000] {processor.py:208} INFO - Processing /opt/airflow/dags/hello_world.py took 0.068 seconds
[2024-10-06T04:52:12.062+0000] {processor.py:186} INFO - Started process (PID=4855) to work on /opt/airflow/dags/hello_world.py
[2024-10-06T04:52:12.063+0000] {processor.py:914} INFO - Processing file /opt/airflow/dags/hello_world.py for tasks to queue
[2024-10-06T04:52:12.064+0000] {logging_mixin.py:190} INFO - [2024-10-06T04:52:12.064+0000] {dagbag.py:588} INFO - Filling up the DagBag from /opt/airflow/dags/hello_world.py
[2024-10-06T04:52:12.072+0000] {processor.py:925} INFO - DAG(s) 'hello_world_rajendra' retrieved from /opt/airflow/dags/hello_world.py
[2024-10-06T04:52:12.086+0000] {logging_mixin.py:190} INFO - [2024-10-06T04:52:12.086+0000] {dag.py:3239} INFO - Sync 1 DAGs
[2024-10-06T04:52:12.106+0000] {logging_mixin.py:190} INFO - [2024-10-06T04:52:12.106+0000] {dag.py:4180} INFO - Setting next_dagrun for hello_world_rajendra to 2024-10-06 00:00:00+00:00, run_after=2024-10-07 00:00:00+00:00
[2024-10-06T04:52:12.125+0000] {processor.py:208} INFO - Processing /opt/airflow/dags/hello_world.py took 0.068 seconds
[2024-10-06T04:52:42.375+0000] {processor.py:186} INFO - Started process (PID=4918) to work on /opt/airflow/dags/hello_world.py
[2024-10-06T04:52:42.376+0000] {processor.py:914} INFO - Processing file /opt/airflow/dags/hello_world.py for tasks to queue
[2024-10-06T04:52:42.377+0000] {logging_mixin.py:190} INFO - [2024-10-06T04:52:42.377+0000] {dagbag.py:588} INFO - Filling up the DagBag from /opt/airflow/dags/hello_world.py
[2024-10-06T04:52:42.384+0000] {processor.py:925} INFO - DAG(s) 'hello_world_rajendra' retrieved from /opt/airflow/dags/hello_world.py
[2024-10-06T04:52:42.398+0000] {logging_mixin.py:190} INFO - [2024-10-06T04:52:42.398+0000] {dag.py:3239} INFO - Sync 1 DAGs
[2024-10-06T04:52:42.416+0000] {logging_mixin.py:190} INFO - [2024-10-06T04:52:42.416+0000] {dag.py:4180} INFO - Setting next_dagrun for hello_world_rajendra to 2024-10-06 00:00:00+00:00, run_after=2024-10-07 00:00:00+00:00
[2024-10-06T04:52:42.437+0000] {processor.py:208} INFO - Processing /opt/airflow/dags/hello_world.py took 0.066 seconds
[2024-10-06T04:53:12.669+0000] {processor.py:186} INFO - Started process (PID=4981) to work on /opt/airflow/dags/hello_world.py
[2024-10-06T04:53:12.670+0000] {processor.py:914} INFO - Processing file /opt/airflow/dags/hello_world.py for tasks to queue
[2024-10-06T04:53:12.672+0000] {logging_mixin.py:190} INFO - [2024-10-06T04:53:12.672+0000] {dagbag.py:588} INFO - Filling up the DagBag from /opt/airflow/dags/hello_world.py
[2024-10-06T04:53:12.681+0000] {processor.py:925} INFO - DAG(s) 'hello_world_rajendra' retrieved from /opt/airflow/dags/hello_world.py
[2024-10-06T04:53:12.699+0000] {logging_mixin.py:190} INFO - [2024-10-06T04:53:12.699+0000] {dag.py:3239} INFO - Sync 1 DAGs
[2024-10-06T04:53:12.720+0000] {logging_mixin.py:190} INFO - [2024-10-06T04:53:12.720+0000] {dag.py:4180} INFO - Setting next_dagrun for hello_world_rajendra to 2024-10-06 00:00:00+00:00, run_after=2024-10-07 00:00:00+00:00
[2024-10-06T04:53:12.749+0000] {processor.py:208} INFO - Processing /opt/airflow/dags/hello_world.py took 0.086 seconds
[2024-10-06T04:53:43.052+0000] {processor.py:186} INFO - Started process (PID=5043) to work on /opt/airflow/dags/hello_world.py
[2024-10-06T04:53:43.053+0000] {processor.py:914} INFO - Processing file /opt/airflow/dags/hello_world.py for tasks to queue
[2024-10-06T04:53:43.055+0000] {logging_mixin.py:190} INFO - [2024-10-06T04:53:43.055+0000] {dagbag.py:588} INFO - Filling up the DagBag from /opt/airflow/dags/hello_world.py
[2024-10-06T04:53:43.063+0000] {processor.py:925} INFO - DAG(s) 'hello_world_rajendra' retrieved from /opt/airflow/dags/hello_world.py
[2024-10-06T04:53:43.079+0000] {logging_mixin.py:190} INFO - [2024-10-06T04:53:43.078+0000] {dag.py:3239} INFO - Sync 1 DAGs
[2024-10-06T04:53:43.098+0000] {logging_mixin.py:190} INFO - [2024-10-06T04:53:43.098+0000] {dag.py:4180} INFO - Setting next_dagrun for hello_world_rajendra to 2024-10-06 00:00:00+00:00, run_after=2024-10-07 00:00:00+00:00
[2024-10-06T04:53:43.118+0000] {processor.py:208} INFO - Processing /opt/airflow/dags/hello_world.py took 0.072 seconds
[2024-10-06T04:54:13.253+0000] {processor.py:186} INFO - Started process (PID=5104) to work on /opt/airflow/dags/hello_world.py
[2024-10-06T04:54:13.253+0000] {processor.py:914} INFO - Processing file /opt/airflow/dags/hello_world.py for tasks to queue
[2024-10-06T04:54:13.255+0000] {logging_mixin.py:190} INFO - [2024-10-06T04:54:13.255+0000] {dagbag.py:588} INFO - Filling up the DagBag from /opt/airflow/dags/hello_world.py
[2024-10-06T04:54:13.264+0000] {processor.py:925} INFO - DAG(s) 'hello_world_rajendra' retrieved from /opt/airflow/dags/hello_world.py
[2024-10-06T04:54:13.278+0000] {logging_mixin.py:190} INFO - [2024-10-06T04:54:13.278+0000] {dag.py:3239} INFO - Sync 1 DAGs
[2024-10-06T04:54:13.296+0000] {logging_mixin.py:190} INFO - [2024-10-06T04:54:13.296+0000] {dag.py:4180} INFO - Setting next_dagrun for hello_world_rajendra to 2024-10-06 00:00:00+00:00, run_after=2024-10-07 00:00:00+00:00
[2024-10-06T04:54:13.324+0000] {processor.py:208} INFO - Processing /opt/airflow/dags/hello_world.py took 0.075 seconds
[2024-10-06T04:54:43.377+0000] {processor.py:186} INFO - Started process (PID=5165) to work on /opt/airflow/dags/hello_world.py
[2024-10-06T04:54:43.377+0000] {processor.py:914} INFO - Processing file /opt/airflow/dags/hello_world.py for tasks to queue
[2024-10-06T04:54:43.380+0000] {logging_mixin.py:190} INFO - [2024-10-06T04:54:43.379+0000] {dagbag.py:588} INFO - Filling up the DagBag from /opt/airflow/dags/hello_world.py
[2024-10-06T04:54:43.389+0000] {processor.py:925} INFO - DAG(s) 'hello_world_rajendra' retrieved from /opt/airflow/dags/hello_world.py
[2024-10-06T04:54:43.408+0000] {logging_mixin.py:190} INFO - [2024-10-06T04:54:43.407+0000] {dag.py:3239} INFO - Sync 1 DAGs
[2024-10-06T04:54:43.435+0000] {logging_mixin.py:190} INFO - [2024-10-06T04:54:43.434+0000] {dag.py:4180} INFO - Setting next_dagrun for hello_world_rajendra to 2024-10-06 00:00:00+00:00, run_after=2024-10-07 00:00:00+00:00
[2024-10-06T04:54:43.460+0000] {processor.py:208} INFO - Processing /opt/airflow/dags/hello_world.py took 0.090 seconds
[2024-10-06T04:55:13.543+0000] {processor.py:186} INFO - Started process (PID=5227) to work on /opt/airflow/dags/hello_world.py
[2024-10-06T04:55:13.543+0000] {processor.py:914} INFO - Processing file /opt/airflow/dags/hello_world.py for tasks to queue
[2024-10-06T04:55:13.545+0000] {logging_mixin.py:190} INFO - [2024-10-06T04:55:13.545+0000] {dagbag.py:588} INFO - Filling up the DagBag from /opt/airflow/dags/hello_world.py
[2024-10-06T04:55:13.552+0000] {processor.py:925} INFO - DAG(s) 'hello_world_rajendra' retrieved from /opt/airflow/dags/hello_world.py
[2024-10-06T04:55:13.566+0000] {logging_mixin.py:190} INFO - [2024-10-06T04:55:13.566+0000] {dag.py:3239} INFO - Sync 1 DAGs
[2024-10-06T04:55:13.585+0000] {logging_mixin.py:190} INFO - [2024-10-06T04:55:13.585+0000] {dag.py:4180} INFO - Setting next_dagrun for hello_world_rajendra to 2024-10-06 00:00:00+00:00, run_after=2024-10-07 00:00:00+00:00
[2024-10-06T04:55:13.606+0000] {processor.py:208} INFO - Processing /opt/airflow/dags/hello_world.py took 0.068 seconds
[2024-10-06T04:55:43.854+0000] {processor.py:186} INFO - Started process (PID=5289) to work on /opt/airflow/dags/hello_world.py
[2024-10-06T04:55:43.855+0000] {processor.py:914} INFO - Processing file /opt/airflow/dags/hello_world.py for tasks to queue
[2024-10-06T04:55:43.857+0000] {logging_mixin.py:190} INFO - [2024-10-06T04:55:43.857+0000] {dagbag.py:588} INFO - Filling up the DagBag from /opt/airflow/dags/hello_world.py
[2024-10-06T04:55:43.867+0000] {processor.py:925} INFO - DAG(s) 'hello_world_rajendra' retrieved from /opt/airflow/dags/hello_world.py
[2024-10-06T04:55:43.883+0000] {logging_mixin.py:190} INFO - [2024-10-06T04:55:43.883+0000] {dag.py:3239} INFO - Sync 1 DAGs
[2024-10-06T04:55:43.903+0000] {logging_mixin.py:190} INFO - [2024-10-06T04:55:43.903+0000] {dag.py:4180} INFO - Setting next_dagrun for hello_world_rajendra to 2024-10-06 00:00:00+00:00, run_after=2024-10-07 00:00:00+00:00
[2024-10-06T04:55:43.932+0000] {processor.py:208} INFO - Processing /opt/airflow/dags/hello_world.py took 0.084 seconds
[2024-10-06T04:56:14.058+0000] {processor.py:186} INFO - Started process (PID=5351) to work on /opt/airflow/dags/hello_world.py
[2024-10-06T04:56:14.059+0000] {processor.py:914} INFO - Processing file /opt/airflow/dags/hello_world.py for tasks to queue
[2024-10-06T04:56:14.060+0000] {logging_mixin.py:190} INFO - [2024-10-06T04:56:14.060+0000] {dagbag.py:588} INFO - Filling up the DagBag from /opt/airflow/dags/hello_world.py
[2024-10-06T04:56:14.068+0000] {processor.py:925} INFO - DAG(s) 'hello_world_rajendra' retrieved from /opt/airflow/dags/hello_world.py
[2024-10-06T04:56:14.083+0000] {logging_mixin.py:190} INFO - [2024-10-06T04:56:14.082+0000] {dag.py:3239} INFO - Sync 1 DAGs
[2024-10-06T04:56:14.102+0000] {logging_mixin.py:190} INFO - [2024-10-06T04:56:14.102+0000] {dag.py:4180} INFO - Setting next_dagrun for hello_world_rajendra to 2024-10-06 00:00:00+00:00, run_after=2024-10-07 00:00:00+00:00
[2024-10-06T04:56:14.126+0000] {processor.py:208} INFO - Processing /opt/airflow/dags/hello_world.py took 0.072 seconds
