[2024-10-06T04:53:31.252+0000] {processor.py:186} INFO - Started process (PID=5007) to work on /opt/airflow/dags/multiple_task.py
[2024-10-06T04:53:31.252+0000] {processor.py:914} INFO - Processing file /opt/airflow/dags/multiple_task.py for tasks to queue
[2024-10-06T04:53:31.254+0000] {logging_mixin.py:190} INFO - [2024-10-06T04:53:31.254+0000] {dagbag.py:588} INFO - Filling up the DagBag from /opt/airflow/dags/multiple_task.py
[2024-10-06T04:53:31.262+0000] {processor.py:925} INFO - DAG(s) 'multiple_tasks_rajendra' retrieved from /opt/airflow/dags/multiple_task.py
[2024-10-06T04:53:31.359+0000] {logging_mixin.py:190} INFO - [2024-10-06T04:53:31.359+0000] {override.py:1900} INFO - Created Permission View: can read on DAG:multiple_tasks_rajendra
[2024-10-06T04:53:31.371+0000] {logging_mixin.py:190} INFO - [2024-10-06T04:53:31.371+0000] {override.py:1900} INFO - Created Permission View: can edit on DAG:multiple_tasks_rajendra
[2024-10-06T04:53:31.383+0000] {logging_mixin.py:190} INFO - [2024-10-06T04:53:31.382+0000] {override.py:1900} INFO - Created Permission View: can delete on DAG:multiple_tasks_rajendra
[2024-10-06T04:53:31.400+0000] {logging_mixin.py:190} INFO - [2024-10-06T04:53:31.400+0000] {override.py:1900} INFO - Created Permission View: menu access on DAG Run:multiple_tasks_rajendra
[2024-10-06T04:53:31.412+0000] {logging_mixin.py:190} INFO - [2024-10-06T04:53:31.412+0000] {override.py:1900} INFO - Created Permission View: can read on DAG Run:multiple_tasks_rajendra
[2024-10-06T04:53:31.421+0000] {logging_mixin.py:190} INFO - [2024-10-06T04:53:31.421+0000] {override.py:1900} INFO - Created Permission View: can create on DAG Run:multiple_tasks_rajendra
[2024-10-06T04:53:31.432+0000] {logging_mixin.py:190} INFO - [2024-10-06T04:53:31.432+0000] {override.py:1900} INFO - Created Permission View: can delete on DAG Run:multiple_tasks_rajendra
[2024-10-06T04:53:31.433+0000] {logging_mixin.py:190} INFO - [2024-10-06T04:53:31.433+0000] {dag.py:3239} INFO - Sync 1 DAGs
[2024-10-06T04:53:31.442+0000] {logging_mixin.py:190} INFO - [2024-10-06T04:53:31.442+0000] {dag.py:3262} INFO - Creating ORM DAG for multiple_tasks_rajendra
[2024-10-06T04:53:31.450+0000] {logging_mixin.py:190} INFO - [2024-10-06T04:53:31.450+0000] {dag.py:4180} INFO - Setting next_dagrun for multiple_tasks_rajendra to 2024-10-06 03:00:00+00:00, run_after=2024-10-06 04:00:00+00:00
[2024-10-06T04:53:31.481+0000] {processor.py:208} INFO - Processing /opt/airflow/dags/multiple_task.py took 0.233 seconds
[2024-10-06T04:54:01.560+0000] {processor.py:186} INFO - Started process (PID=5071) to work on /opt/airflow/dags/multiple_task.py
[2024-10-06T04:54:01.561+0000] {processor.py:914} INFO - Processing file /opt/airflow/dags/multiple_task.py for tasks to queue
[2024-10-06T04:54:01.563+0000] {logging_mixin.py:190} INFO - [2024-10-06T04:54:01.562+0000] {dagbag.py:588} INFO - Filling up the DagBag from /opt/airflow/dags/multiple_task.py
[2024-10-06T04:54:01.570+0000] {processor.py:925} INFO - DAG(s) 'multiple_tasks_rajendra' retrieved from /opt/airflow/dags/multiple_task.py
[2024-10-06T04:54:01.583+0000] {logging_mixin.py:190} INFO - [2024-10-06T04:54:01.583+0000] {dag.py:3239} INFO - Sync 1 DAGs
[2024-10-06T04:54:01.601+0000] {logging_mixin.py:190} INFO - [2024-10-06T04:54:01.601+0000] {dag.py:4180} INFO - Setting next_dagrun for multiple_tasks_rajendra to 2024-10-06 03:00:00+00:00, run_after=2024-10-06 04:00:00+00:00
[2024-10-06T04:54:01.625+0000] {processor.py:208} INFO - Processing /opt/airflow/dags/multiple_task.py took 0.070 seconds
[2024-10-06T04:54:31.905+0000] {processor.py:186} INFO - Started process (PID=5135) to work on /opt/airflow/dags/multiple_task.py
[2024-10-06T04:54:31.906+0000] {processor.py:914} INFO - Processing file /opt/airflow/dags/multiple_task.py for tasks to queue
[2024-10-06T04:54:31.907+0000] {logging_mixin.py:190} INFO - [2024-10-06T04:54:31.907+0000] {dagbag.py:588} INFO - Filling up the DagBag from /opt/airflow/dags/multiple_task.py
[2024-10-06T04:54:31.914+0000] {processor.py:925} INFO - DAG(s) 'multiple_tasks_rajendra' retrieved from /opt/airflow/dags/multiple_task.py
[2024-10-06T04:54:31.927+0000] {logging_mixin.py:190} INFO - [2024-10-06T04:54:31.927+0000] {dag.py:3239} INFO - Sync 1 DAGs
[2024-10-06T04:54:31.945+0000] {logging_mixin.py:190} INFO - [2024-10-06T04:54:31.945+0000] {dag.py:4180} INFO - Setting next_dagrun for multiple_tasks_rajendra to 2024-10-06 03:00:00+00:00, run_after=2024-10-06 04:00:00+00:00
[2024-10-06T04:54:31.962+0000] {processor.py:208} INFO - Processing /opt/airflow/dags/multiple_task.py took 0.061 seconds
[2024-10-06T04:55:02.278+0000] {processor.py:186} INFO - Started process (PID=5199) to work on /opt/airflow/dags/multiple_task.py
[2024-10-06T04:55:02.278+0000] {processor.py:914} INFO - Processing file /opt/airflow/dags/multiple_task.py for tasks to queue
[2024-10-06T04:55:02.280+0000] {logging_mixin.py:190} INFO - [2024-10-06T04:55:02.280+0000] {dagbag.py:588} INFO - Filling up the DagBag from /opt/airflow/dags/multiple_task.py
[2024-10-06T04:55:02.287+0000] {processor.py:925} INFO - DAG(s) 'multiple_tasks_rajendra' retrieved from /opt/airflow/dags/multiple_task.py
[2024-10-06T04:55:02.300+0000] {logging_mixin.py:190} INFO - [2024-10-06T04:55:02.300+0000] {dag.py:3239} INFO - Sync 1 DAGs
[2024-10-06T04:55:02.318+0000] {logging_mixin.py:190} INFO - [2024-10-06T04:55:02.318+0000] {dag.py:4180} INFO - Setting next_dagrun for multiple_tasks_rajendra to 2024-10-06 03:00:00+00:00, run_after=2024-10-06 04:00:00+00:00
[2024-10-06T04:55:02.338+0000] {processor.py:208} INFO - Processing /opt/airflow/dags/multiple_task.py took 0.064 seconds
[2024-10-06T04:55:32.703+0000] {processor.py:186} INFO - Started process (PID=5263) to work on /opt/airflow/dags/multiple_task.py
[2024-10-06T04:55:32.703+0000] {processor.py:914} INFO - Processing file /opt/airflow/dags/multiple_task.py for tasks to queue
[2024-10-06T04:55:32.705+0000] {logging_mixin.py:190} INFO - [2024-10-06T04:55:32.704+0000] {dagbag.py:588} INFO - Filling up the DagBag from /opt/airflow/dags/multiple_task.py
[2024-10-06T04:55:32.712+0000] {processor.py:925} INFO - DAG(s) 'multiple_tasks_rajendra' retrieved from /opt/airflow/dags/multiple_task.py
[2024-10-06T04:55:32.725+0000] {logging_mixin.py:190} INFO - [2024-10-06T04:55:32.725+0000] {dag.py:3239} INFO - Sync 1 DAGs
[2024-10-06T04:55:32.743+0000] {logging_mixin.py:190} INFO - [2024-10-06T04:55:32.743+0000] {dag.py:4180} INFO - Setting next_dagrun for multiple_tasks_rajendra to 2024-10-06 03:00:00+00:00, run_after=2024-10-06 04:00:00+00:00
[2024-10-06T04:55:32.761+0000] {processor.py:208} INFO - Processing /opt/airflow/dags/multiple_task.py took 0.063 seconds
[2024-10-06T04:56:02.877+0000] {processor.py:186} INFO - Started process (PID=5327) to work on /opt/airflow/dags/multiple_task.py
[2024-10-06T04:56:02.877+0000] {processor.py:914} INFO - Processing file /opt/airflow/dags/multiple_task.py for tasks to queue
[2024-10-06T04:56:02.879+0000] {logging_mixin.py:190} INFO - [2024-10-06T04:56:02.879+0000] {dagbag.py:588} INFO - Filling up the DagBag from /opt/airflow/dags/multiple_task.py
[2024-10-06T04:56:02.886+0000] {processor.py:925} INFO - DAG(s) 'multiple_tasks_rajendra' retrieved from /opt/airflow/dags/multiple_task.py
[2024-10-06T04:56:02.899+0000] {logging_mixin.py:190} INFO - [2024-10-06T04:56:02.899+0000] {dag.py:3239} INFO - Sync 1 DAGs
[2024-10-06T04:56:02.917+0000] {logging_mixin.py:190} INFO - [2024-10-06T04:56:02.917+0000] {dag.py:4180} INFO - Setting next_dagrun for multiple_tasks_rajendra to 2024-10-06 03:00:00+00:00, run_after=2024-10-06 04:00:00+00:00
[2024-10-06T04:56:02.933+0000] {processor.py:208} INFO - Processing /opt/airflow/dags/multiple_task.py took 0.061 seconds
[2024-10-06T04:56:33.287+0000] {processor.py:186} INFO - Started process (PID=5391) to work on /opt/airflow/dags/multiple_task.py
[2024-10-06T04:56:33.287+0000] {processor.py:914} INFO - Processing file /opt/airflow/dags/multiple_task.py for tasks to queue
[2024-10-06T04:56:33.289+0000] {logging_mixin.py:190} INFO - [2024-10-06T04:56:33.289+0000] {dagbag.py:588} INFO - Filling up the DagBag from /opt/airflow/dags/multiple_task.py
[2024-10-06T04:56:33.296+0000] {processor.py:925} INFO - DAG(s) 'multiple_tasks_rajendra' retrieved from /opt/airflow/dags/multiple_task.py
[2024-10-06T04:56:33.309+0000] {logging_mixin.py:190} INFO - [2024-10-06T04:56:33.309+0000] {dag.py:3239} INFO - Sync 1 DAGs
[2024-10-06T04:56:33.328+0000] {logging_mixin.py:190} INFO - [2024-10-06T04:56:33.327+0000] {dag.py:4180} INFO - Setting next_dagrun for multiple_tasks_rajendra to 2024-10-06 03:00:00+00:00, run_after=2024-10-06 04:00:00+00:00
[2024-10-06T04:56:33.343+0000] {processor.py:208} INFO - Processing /opt/airflow/dags/multiple_task.py took 0.061 seconds
